# JRE version: OpenJDK Runtime Environment (8.0_242) (build 1.8.0_242-release-1644-b3-6915495)
# Java VM: OpenJDK 64-Bit Server VM (25.242-b3-6915495 mixed mode bsd-amd64 compressed oops)
Heap:
 PSYoungGen      total 184832K, used 12037K [0x00000007a0000000, 0x00000007ac500000, 0x00000007c0000000)
  eden space 169984K, 0% used [0x00000007a0000000,0x00000007a0000000,0x00000007aa600000)
  from space 14848K, 81% used [0x00000007ab500000,0x00000007ac0c14c8,0x00000007ac380000)
  to   space 15360K, 0% used [0x00000007aa600000,0x00000007aa600000,0x00000007ab500000)
 ParOldGen       total 93184K, used 31420K [0x0000000760000000, 0x0000000765b00000, 0x00000007a0000000)
  object space 93184K, 33% used [0x0000000760000000,0x0000000761eaf160,0x0000000765b00000)
 Metaspace       used 57076K, capacity 58882K, committed 58968K, reserved 1099776K
  class space    used 7789K, capacity 8289K, committed 8320K, reserved 1048576K
GC Heap History (10 events):
Event: 6.747 GC heap after
Heap after GC invocations=10 (full 1):
 PSYoungGen      total 113152K, used 10740K [0x00000007a0000000, 0x00000007a9a80000, 0x00000007c0000000)
  eden space 102400K, 0% used [0x00000007a0000000,0x00000007a0000000,0x00000007a6400000)
  from space 10752K, 99% used [0x00000007a6400000,0x00000007a6e7d0f0,0x00000007a6e80000)
  to   space 11776K, 0% used [0x00000007a8f00000,0x00000007a8f00000,0x00000007a9a80000)
 ParOldGen       total 59392K, used 8415K [0x0000000760000000, 0x0000000763a00000, 0x00000007a0000000)
  object space 59392K, 14% used [0x0000000760000000,0x0000000760837fe8,0x0000000763a00000)
 Metaspace       used 34491K, capacity 35372K, committed 35416K, reserved 1079296K
  class space    used 4717K, capacity 4951K, committed 4992K, reserved 1048576K
}
Event: 6.747 GC heap before
{Heap before GC invocations=11 (full 2):
 PSYoungGen      total 113152K, used 10740K [0x00000007a0000000, 0x00000007a9a80000, 0x00000007c0000000)
  eden space 102400K, 0% used [0x00000007a0000000,0x00000007a0000000,0x00000007a6400000)
  from space 10752K, 99% used [0x00000007a6400000,0x00000007a6e7d0f0,0x00000007a6e80000)
  to   space 11776K, 0% used [0x00000007a8f00000,0x00000007a8f00000,0x00000007a9a80000)
 ParOldGen       total 59392K, used 8415K [0x0000000760000000, 0x0000000763a00000, 0x00000007a0000000)
  object space 59392K, 14% used [0x0000000760000000,0x0000000760837fe8,0x0000000763a00000)
 Metaspace       used 34491K, capacity 35372K, committed 35416K, reserved 1079296K
  class space    used 4717K, capacity 4951K, committed 4992K, reserved 1048576K
Event: 6.798 GC heap after
Heap after GC invocations=11 (full 2):
 PSYoungGen      total 113152K, used 0K [0x00000007a0000000, 0x00000007a9a80000, 0x00000007c0000000)
  eden space 102400K, 0% used [0x00000007a0000000,0x00000007a0000000,0x00000007a6400000)
  from space 10752K, 0% used [0x00000007a6400000,0x00000007a6400000,0x00000007a6e80000)
  to   space 11776K, 0% used [0x00000007a8f00000,0x00000007a8f00000,0x00000007a9a80000)
 ParOldGen       total 93184K, used 17664K [0x0000000760000000, 0x0000000765b00000, 0x00000007a0000000)
  object space 93184K, 18% used [0x0000000760000000,0x0000000761140010,0x0000000765b00000)
 Metaspace       used 34480K, capacity 35336K, committed 35416K, reserved 1079296K
  class space    used 4714K, capacity 4945K, committed 4992K, reserved 1048576K
}
Event: 9.016 GC heap before
{Heap before GC invocations=12 (full 2):
 PSYoungGen      total 113152K, used 102400K [0x00000007a0000000, 0x00000007a9a80000, 0x00000007c0000000)
  eden space 102400K, 100% used [0x00000007a0000000,0x00000007a6400000,0x00000007a6400000)
  from space 10752K, 0% used [0x00000007a6400000,0x00000007a6400000,0x00000007a6e80000)
  to   space 11776K, 0% used [0x00000007a8f00000,0x00000007a8f00000,0x00000007a9a80000)
 ParOldGen       total 93184K, used 17664K [0x0000000760000000, 0x0000000765b00000, 0x00000007a0000000)
  object space 93184K, 18% used [0x0000000760000000,0x0000000761140010,0x0000000765b00000)
 Metaspace       used 44360K, capacity 45366K, committed 45656K, reserved 1089536K
  class space    used 5931K, capacity 6217K, committed 6272K, reserved 1048576K
Event: 9.040 GC heap after
Heap after GC invocations=12 (full 2):
 PSYoungGen      total 143360K, used 11749K [0x00000007a0000000, 0x00000007a9a80000, 0x00000007c0000000)
  eden space 131584K, 0% used [0x00000007a0000000,0x00000007a0000000,0x00000007a8080000)
  from space 11776K, 99% used [0x00000007a8f00000,0x00000007a9a79780,0x00000007a9a80000)
  to   space 13312K, 0% used [0x00000007a8080000,0x00000007a8080000,0x00000007a8d80000)
 ParOldGen       total 93184K, used 18485K [0x0000000760000000, 0x0000000765b00000, 0x00000007a0000000)
  object space 93184K, 19% used [0x0000000760000000,0x000000076120d5f8,0x0000000765b00000)
 Metaspace       used 44360K, capacity 45366K, committed 45656K, reserved 1089536K
  class space    used 5931K, capacity 6217K, committed 6272K, reserved 1048576K
}
Event: 11.073 GC heap before
{Heap before GC invocations=13 (full 2):
 PSYoungGen      total 143360K, used 143333K [0x00000007a0000000, 0x00000007a9a80000, 0x00000007c0000000)
  eden space 131584K, 100% used [0x00000007a0000000,0x00000007a8080000,0x00000007a8080000)
  from space 11776K, 99% used [0x00000007a8f00000,0x00000007a9a79780,0x00000007a9a80000)
  to   space 13312K, 0% used [0x00000007a8080000,0x00000007a8080000,0x00000007a8d80000)
 ParOldGen       total 93184K, used 18485K [0x0000000760000000, 0x0000000765b00000, 0x00000007a0000000)
  object space 93184K, 19% used [0x0000000760000000,0x000000076120d5f8,0x0000000765b00000)
 Metaspace       used 51065K, capacity 52520K, committed 52696K, reserved 1095680K
  class space    used 6905K, capacity 7333K, committed 7424K, reserved 1048576K
Event: 11.104 GC heap after
Heap after GC invocations=13 (full 2):
 PSYoungGen      total 144896K, used 12981K [0x00000007a0000000, 0x00000007ac380000, 0x00000007c0000000)
  eden space 131584K, 0% used [0x00000007a0000000,0x00000007a0000000,0x00000007a8080000)
  from space 13312K, 97% used [0x00000007a8080000,0x00000007a8d2d4a0,0x00000007a8d80000)
  to   space 14848K, 0% used [0x00000007ab500000,0x00000007ab500000,0x00000007ac380000)
 ParOldGen       total 93184K, used 24065K [0x0000000760000000, 0x0000000765b00000, 0x00000007a0000000)
  object space 93184K, 25% used [0x0000000760000000,0x0000000761780630,0x0000000765b00000)
 Metaspace       used 51065K, capacity 52520K, committed 52696K, reserved 1095680K
  class space    used 6905K, capacity 7333K, committed 7424K, reserved 1048576K
}
Event: 13.500 GC heap before
{Heap before GC invocations=14 (full 2):
 PSYoungGen      total 144896K, used 133888K [0x00000007a0000000, 0x00000007ac380000, 0x00000007c0000000)
  eden space 131584K, 91% used [0x00000007a0000000,0x00000007a7612c38,0x00000007a8080000)
  from space 13312K, 97% used [0x00000007a8080000,0x00000007a8d2d4a0,0x00000007a8d80000)
  to   space 14848K, 0% used [0x00000007ab500000,0x00000007ab500000,0x00000007ac380000)
 ParOldGen       total 93184K, used 24065K [0x0000000760000000, 0x0000000765b00000, 0x00000007a0000000)
  object space 93184K, 25% used [0x0000000760000000,0x0000000761780630,0x0000000765b00000)
 Metaspace       used 57076K, capacity 58882K, committed 58968K, reserved 1099776K
  class space    used 7789K, capacity 8289K, committed 8320K, reserved 1048576K
Event: 13.532 GC heap after
Heap after GC invocations=14 (full 2):
 PSYoungGen      total 184832K, used 12037K [0x00000007a0000000, 0x00000007ac500000, 0x00000007c0000000)
  eden space 169984K, 0% used [0x00000007a0000000,0x00000007a0000000,0x00000007aa600000)
  from space 14848K, 81% used [0x00000007ab500000,0x00000007ac0c14c8,0x00000007ac380000)
  to   space 15360K, 0% used [0x00000007aa600000,0x00000007aa600000,0x00000007ab500000)
 ParOldGen       total 93184K, used 31420K [0x0000000760000000, 0x0000000765b00000, 0x00000007a0000000)
  object space 93184K, 33% used [0x0000000760000000,0x0000000761eaf160,0x0000000765b00000)
 Metaspace       used 57076K, capacity 58882K, committed 58968K, reserved 1099776K
  class space    used 7789K, capacity 8289K, committed 8320K, reserved 1048576K
}
Event: 13.532 GC heap before
{Heap before GC invocations=15 (full 3):
 PSYoungGen      total 184832K, used 12037K [0x00000007a0000000, 0x00000007ac500000, 0x00000007c0000000)
  eden space 169984K, 0% used [0x00000007a0000000,0x00000007a0000000,0x00000007aa600000)
  from space 14848K, 81% used [0x00000007ab500000,0x00000007ac0c14c8,0x00000007ac380000)
  to   space 15360K, 0% used [0x00000007aa600000,0x00000007aa600000,0x00000007ab500000)
 ParOldGen       total 93184K, used 31420K [0x0000000760000000, 0x0000000765b00000, 0x00000007a0000000)
  object space 93184K, 33% used [0x0000000760000000,0x0000000761eaf160,0x0000000765b00000)
 Metaspace       used 57076K, capacity 58882K, committed 58968K, reserved 1099776K
  class space    used 7789K, capacity 8289K, committed 8320K, reserved 1048576K

